01:22:52.369 [DEBUG] [org.gradle.launcher.daemon.bootstrap.DaemonMain] Assuming the daemon was started with following jvm opts: [-XX:+HeapDumpOnOutOfMemoryError, -Xmx1024m, -Dfile.encoding=UTF-8, -Duser.country, -Duser.language=en, -Duser.variant]
01:22:52.907 [INFO] [org.gradle.launcher.daemon.server.Daemon] start() called on daemon - DefaultDaemonContext[uid=a711b135-ed2d-4ac5-a17f-9f6f08c738f0,javaHome=/opt/jdk1.8.0_162,daemonRegistryDir=/eureka-server/cache/daemon,pid=29,idleTimeout=10800000,daemonOpts=-XX:+HeapDumpOnOutOfMemoryError,-Xmx1024m,-Dfile.encoding=UTF-8,-Duser.country,-Duser.language=en,-Duser.variant]
01:22:53.031 [DEBUG] [org.gradle.internal.remote.internal.inet.InetAddresses] Adding IP addresses for network interface eth0
01:22:53.035 [DEBUG] [org.gradle.internal.remote.internal.inet.InetAddresses] Is this a loopback interface? false
01:22:53.043 [DEBUG] [org.gradle.internal.remote.internal.inet.InetAddresses] Is this a multicast interface? true
01:22:53.050 [DEBUG] [org.gradle.internal.remote.internal.inet.InetAddresses] Adding remote address /172.26.0.2
01:22:53.054 [DEBUG] [org.gradle.internal.remote.internal.inet.InetAddresses] Adding remote multicast interface eth0
01:22:53.061 [DEBUG] [org.gradle.internal.remote.internal.inet.InetAddresses] Adding IP addresses for network interface lo
01:22:53.070 [DEBUG] [org.gradle.internal.remote.internal.inet.InetAddresses] Is this a loopback interface? true
01:22:53.076 [DEBUG] [org.gradle.internal.remote.internal.inet.InetAddresses] Is this a multicast interface? false
01:22:53.079 [DEBUG] [org.gradle.internal.remote.internal.inet.InetAddresses] Adding loopback address /127.0.0.1
01:22:53.097 [DEBUG] [org.gradle.internal.remote.internal.inet.TcpIncomingConnector] Listening on [af62ff71-c123-477d-810b-2abde29f23ea port:36039, addresses:[/127.0.0.1]].
01:22:53.121 [DEBUG] [org.gradle.launcher.daemon.server.Daemon] Daemon starting at: Wed Mar 28 01:22:53 GMT 2018, with address: [af62ff71-c123-477d-810b-2abde29f23ea port:36039, addresses:[/127.0.0.1]]
01:22:53.139 [INFO] [org.gradle.launcher.daemon.server.DaemonRegistryUpdater] Advertising the daemon address to the clients: [af62ff71-c123-477d-810b-2abde29f23ea port:36039, addresses:[/127.0.0.1]]
01:22:53.142 [DEBUG] [org.gradle.launcher.daemon.server.DaemonRegistryUpdater] Advertised daemon context: DefaultDaemonContext[uid=a711b135-ed2d-4ac5-a17f-9f6f08c738f0,javaHome=/opt/jdk1.8.0_162,daemonRegistryDir=/eureka-server/cache/daemon,pid=29,idleTimeout=10800000,daemonOpts=-XX:+HeapDumpOnOutOfMemoryError,-Xmx1024m,-Dfile.encoding=UTF-8,-Duser.country,-Duser.language=en,-Duser.variant]
01:22:53.147 [DEBUG] [org.gradle.launcher.daemon.registry.PersistentDaemonRegistry] Storing daemon address: [af62ff71-c123-477d-810b-2abde29f23ea port:36039, addresses:[/127.0.0.1]], context: DefaultDaemonContext[uid=a711b135-ed2d-4ac5-a17f-9f6f08c738f0,javaHome=/opt/jdk1.8.0_162,daemonRegistryDir=/eureka-server/cache/daemon,pid=29,idleTimeout=10800000,daemonOpts=-XX:+HeapDumpOnOutOfMemoryError,-Xmx1024m,-Dfile.encoding=UTF-8,-Duser.country,-Duser.language=en,-Duser.variant]
01:22:53.214 [DEBUG] [org.gradle.cache.internal.DefaultFileLockManager] Waiting to acquire exclusive lock on daemon addresses registry.
01:22:53.235 [DEBUG] [org.gradle.cache.internal.DefaultFileLockManager] Lock acquired on daemon addresses registry.
01:22:53.314 [DEBUG] [org.gradle.cache.internal.DefaultFileLockManager] Releasing lock on daemon addresses registry.
01:22:53.330 [LIFECYCLE] [org.gradle.launcher.daemon.server.Daemon] Daemon server started.
01:22:53.340 [DEBUG] [org.gradle.launcher.daemon.bootstrap.DaemonStartupCommunication] Completed writing the daemon greeting. Closing streams...
01:22:53.417 [DEBUG] [org.gradle.launcher.daemon.server.Daemon] stopOnExpiration() called on daemon
01:22:53.420 [DEBUG] [org.gradle.internal.remote.internal.inet.TcpIncomingConnector] Accepted connection from /127.0.0.1:35482 to /127.0.0.1:36039.
01:22:53.455 [DEBUG] [org.gradle.launcher.daemon.server.Daemon] awaitExpiration() called on daemon
01:22:53.519 [DEBUG] [org.gradle.launcher.daemon.server.DaemonStateCoordinator] daemon is running. Sleeping until state changes.
01:22:54.225 [DEBUG] [org.gradle.launcher.daemon.server.SynchronizedDispatchConnection] thread 14: received class org.gradle.launcher.daemon.protocol.Build
01:22:54.240 [DEBUG] [org.gradle.launcher.daemon.server.DefaultDaemonConnection] thread 14: Received non-IO message from client: Build{id=d0f4eb47-ab86-42ed-8344-84e837c6e86e.1, currentDir=/eureka-server}
01:22:54.249 [INFO] [org.gradle.launcher.daemon.server.DefaultIncomingConnectionHandler] Received command: Build{id=d0f4eb47-ab86-42ed-8344-84e837c6e86e.1, currentDir=/eureka-server}.
01:22:54.258 [DEBUG] [org.gradle.launcher.daemon.server.DefaultIncomingConnectionHandler] Starting executing command: Build{id=d0f4eb47-ab86-42ed-8344-84e837c6e86e.1, currentDir=/eureka-server} with connection: socket connection from /127.0.0.1:36039 to /127.0.0.1:35482.
01:22:54.272 [ERROR] [org.gradle.launcher.daemon.server.DaemonStateCoordinator] Command execution: started DaemonCommandExecution[command = Build{id=d0f4eb47-ab86-42ed-8344-84e837c6e86e.1, currentDir=/eureka-server}, connection = DefaultDaemonConnection: socket connection from /127.0.0.1:36039 to /127.0.0.1:35482] after 0.0 minutes of idle
01:22:54.278 [INFO] [org.gradle.launcher.daemon.server.DaemonRegistryUpdater] Marking the daemon as busy, address: [af62ff71-c123-477d-810b-2abde29f23ea port:36039, addresses:[/127.0.0.1]]
01:22:54.301 [DEBUG] [org.gradle.launcher.daemon.registry.PersistentDaemonRegistry] Marking busy by address: [af62ff71-c123-477d-810b-2abde29f23ea port:36039, addresses:[/127.0.0.1]]
01:22:54.324 [DEBUG] [org.gradle.cache.internal.DefaultFileLockManager] Waiting to acquire exclusive lock on daemon addresses registry.
01:22:54.330 [DEBUG] [org.gradle.cache.internal.DefaultFileLockManager] Lock acquired on daemon addresses registry.
01:22:54.361 [DEBUG] [org.gradle.cache.internal.DefaultFileLockManager] Releasing lock on daemon addresses registry.
01:22:54.373 [DEBUG] [org.gradle.launcher.daemon.server.DaemonStateCoordinator] resetting idle timer
01:22:54.382 [DEBUG] [org.gradle.launcher.daemon.server.DaemonStateCoordinator] daemon is running. Sleeping until state changes.
01:22:54.397 [INFO] [org.gradle.launcher.daemon.server.exec.StartBuildOrRespondWithBusy] Daemon is about to start building Build{id=d0f4eb47-ab86-42ed-8344-84e837c6e86e.1, currentDir=/eureka-server}. Dispatching build started information...
01:22:54.407 [DEBUG] [org.gradle.launcher.daemon.server.SynchronizedDispatchConnection] thread 16: dispatching class org.gradle.launcher.daemon.protocol.BuildStarted
01:22:54.446 [DEBUG] [org.gradle.launcher.daemon.server.exec.EstablishBuildEnvironment] Configuring env variables: {PATH=/usr/local/sbin:/usr/local/bin:/usr/sbin:/usr/bin:/sbin:/bin:/opt/jdk/bin, JAVA_JCE=unlimited, SPRING_PROFILES_ACTIVE=dev, JAVA_HOME=/opt/jdk, OLDPWD=/eureka-server, GLIBC_VERSION=2.27-r0, LANG=C.UTF-8, JAVA_VERSION_MAJOR=8, GRADLE_USER_HOME=cache, HOSTNAME=b9503034c0e1, GLIBC_REPO=https://github.com/sgerrand/alpine-pkg-glibc, JAVA_VERSION_MINOR=162, PWD=/eureka-server, JAVA_PACKAGE=jdk, JAVA_VERSION_BUILD=12, HOME=/root, SHLVL=1}
01:22:54.512 [DEBUG] [org.gradle.launcher.daemon.server.exec.LogToClient] About to start relaying all logs to the client via the connection.
01:22:54.519 [INFO] [org.gradle.launcher.daemon.server.exec.LogToClient] The client will now receive all logging from the daemon (pid: 29). The daemon log file: /eureka-server/cache/daemon/4.5.1/daemon-29.out.log
01:22:54.520 [DEBUG] [org.gradle.launcher.daemon.server.SynchronizedDispatchConnection] thread 14: received class org.gradle.launcher.daemon.protocol.CloseInput
01:22:54.537 [DEBUG] [org.gradle.launcher.daemon.server.DefaultDaemonConnection] thread 14: Received IO message from client: org.gradle.launcher.daemon.protocol.CloseInput@5366b5f3
01:22:54.558 [INFO] [org.gradle.launcher.daemon.server.exec.LogAndCheckHealth] Starting build in new daemon [memory: 954.7 MB]
01:22:54.573 [INFO] [org.gradle.launcher.daemon.server.exec.ForwardClientInput] Closing daemon's stdin at end of input.
01:22:54.580 [INFO] [org.gradle.launcher.daemon.server.exec.ForwardClientInput] The daemon will no longer process any standard input.
01:22:54.599 [DEBUG] [org.gradle.launcher.daemon.server.exec.ExecuteBuild] The daemon has started executing the build.
01:22:54.621 [DEBUG] [org.gradle.launcher.daemon.server.exec.ExecuteBuild] Executing build with daemon context: DefaultDaemonContext[uid=a711b135-ed2d-4ac5-a17f-9f6f08c738f0,javaHome=/opt/jdk1.8.0_162,daemonRegistryDir=/eureka-server/cache/daemon,pid=29,idleTimeout=10800000,daemonOpts=-XX:+HeapDumpOnOutOfMemoryError,-Xmx1024m,-Dfile.encoding=UTF-8,-Duser.country,-Duser.language=en,-Duser.variant]
:compileJava
:processResources UP-TO-DATE
:classes
:bootRun
2018-03-28 01:23:44.271  INFO 67 --- [           main] s.c.a.AnnotationConfigApplicationContext : Refreshing org.springframework.context.annotation.AnnotationConfigApplicationContext@41fbdac4: startup date [Wed Mar 28 01:23:44 GMT 2018]; root of context hierarchy
2018-03-28 01:23:47.959  INFO 67 --- [           main] f.a.AutowiredAnnotationBeanPostProcessor : JSR-330 'javax.inject.Inject' annotation found and supported for autowiring
2018-03-28 01:23:48.875  INFO 67 --- [           main] trationDelegate$BeanPostProcessorChecker : Bean 'configurationPropertiesRebinderAutoConfiguration' of type [org.springframework.cloud.autoconfigure.ConfigurationPropertiesRebinderAutoConfiguration$$EnhancerBySpringCGLIB$$12fab546] is not eligible for getting processed by all BeanPostProcessors (for example: not eligible for auto-proxying)

  .   ____          _            __ _ _
 /\\ / ___'_ __ _ _(_)_ __  __ _ \ \ \ \
( ( )\___ | '_ | '_| | '_ \/ _` | \ \ \ \
 \\/  ___)| |_)| | | | | || (_| |  ) ) ) )
  '  |____| .__|_| |_|_| |_\__, | / / / /
 =========|_|==============|___/=/_/_/_/
 :: Spring Boot ::        (v1.5.8.RELEASE)

2018-03-28 01:23:52.880  INFO 67 --- [           main] c.e.e.EurekaServerApplication            : The following profiles are active: dev
2018-03-28 01:23:53.064  INFO 67 --- [           main] ationConfigEmbeddedWebApplicationContext : Refreshing org.springframework.boot.context.embedded.AnnotationConfigEmbeddedWebApplicationContext@4f9a2c08: startup date [Wed Mar 28 01:23:53 GMT 2018]; parent: org.springframework.context.annotation.AnnotationConfigApplicationContext@41fbdac4
2018-03-28 01:24:04.875  INFO 67 --- [           main] o.s.cloud.context.scope.GenericScope     : BeanFactory id=3b95f871-394e-35b7-b783-d7f350294431
2018-03-28 01:24:05.064  INFO 67 --- [           main] f.a.AutowiredAnnotationBeanPostProcessor : JSR-330 'javax.inject.Inject' annotation found and supported for autowiring
2018-03-28 01:24:06.217  INFO 67 --- [           main] trationDelegate$BeanPostProcessorChecker : Bean 'org.springframework.cloud.netflix.metrics.MetricsInterceptorConfiguration$MetricsRestTemplateConfiguration' of type [org.springframework.cloud.netflix.metrics.MetricsInterceptorConfiguration$MetricsRestTemplateConfiguration$$EnhancerBySpringCGLIB$$290d588a] is not eligible for getting processed by all BeanPostProcessors (for example: not eligible for auto-proxying)
2018-03-28 01:24:06.361  INFO 67 --- [           main] trationDelegate$BeanPostProcessorChecker : Bean 'org.springframework.cloud.autoconfigure.ConfigurationPropertiesRebinderAutoConfiguration' of type [org.springframework.cloud.autoconfigure.ConfigurationPropertiesRebinderAutoConfiguration$$EnhancerBySpringCGLIB$$12fab546] is not eligible for getting processed by all BeanPostProcessors (for example: not eligible for auto-proxying)
2018-03-28 01:24:09.809  INFO 67 --- [           main] s.b.c.e.t.TomcatEmbeddedServletContainer : Tomcat initialized with port(s): 8761 (http)
2018-03-28 01:24:09.958  INFO 67 --- [           main] o.apache.catalina.core.StandardService   : Starting service [Tomcat]
2018-03-28 01:24:09.966  INFO 67 --- [           main] org.apache.catalina.core.StandardEngine  : Starting Servlet Engine: Apache Tomcat/8.5.23
2018-03-28 01:24:11.814  INFO 67 --- [ost-startStop-1] o.a.c.c.C.[Tomcat].[localhost].[/]       : Initializing Spring embedded WebApplicationContext
2018-03-28 01:24:11.816  INFO 67 --- [ost-startStop-1] o.s.web.context.ContextLoader            : Root WebApplicationContext: initialization completed in 18751 ms
2018-03-28 01:24:18.601  INFO 67 --- [ost-startStop-1] o.s.b.w.servlet.FilterRegistrationBean   : Mapping filter: 'metricsFilter' to: [/*]
2018-03-28 01:24:18.602  INFO 67 --- [ost-startStop-1] o.s.b.w.servlet.FilterRegistrationBean   : Mapping filter: 'characterEncodingFilter' to: [/*]
2018-03-28 01:24:18.602  INFO 67 --- [ost-startStop-1] o.s.b.w.servlet.FilterRegistrationBean   : Mapping filter: 'hiddenHttpMethodFilter' to: [/*]
2018-03-28 01:24:18.602  INFO 67 --- [ost-startStop-1] o.s.b.w.servlet.FilterRegistrationBean   : Mapping filter: 'httpPutFormContentFilter' to: [/*]
2018-03-28 01:24:18.602  INFO 67 --- [ost-startStop-1] o.s.b.w.servlet.FilterRegistrationBean   : Mapping filter: 'requestContextFilter' to: [/*]
2018-03-28 01:24:18.614  INFO 67 --- [ost-startStop-1] o.s.b.w.servlet.FilterRegistrationBean   : Mapping filter: 'webRequestTraceFilter' to: [/*]
2018-03-28 01:24:18.617  INFO 67 --- [ost-startStop-1] o.s.b.w.servlet.FilterRegistrationBean   : Mapping filter: 'servletContainer' to urls: [/eureka/*]
2018-03-28 01:24:18.623  INFO 67 --- [ost-startStop-1] o.s.b.w.servlet.FilterRegistrationBean   : Mapping filter: 'applicationContextIdFilter' to: [/*]
2018-03-28 01:24:18.632  INFO 67 --- [ost-startStop-1] o.s.b.w.servlet.ServletRegistrationBean  : Mapping servlet: 'dispatcherServlet' to [/]
2018-03-28 01:24:19.743  INFO 67 --- [ost-startStop-1] c.s.j.s.i.a.WebApplicationImpl           : Initiating Jersey application, version 'Jersey: 1.19.1 03/11/2016 02:08 PM'
2018-03-28 01:24:20.404  INFO 67 --- [ost-startStop-1] c.n.d.provider.DiscoveryJerseyProvider   : Using JSON encoding codec LegacyJacksonJson
2018-03-28 01:24:20.410  INFO 67 --- [ost-startStop-1] c.n.d.provider.DiscoveryJerseyProvider   : Using JSON decoding codec LegacyJacksonJson
2018-03-28 01:24:21.680  INFO 67 --- [ost-startStop-1] c.n.d.provider.DiscoveryJerseyProvider   : Using XML encoding codec XStreamXml
2018-03-28 01:24:21.682  INFO 67 --- [ost-startStop-1] c.n.d.provider.DiscoveryJerseyProvider   : Using XML decoding codec XStreamXml
2018-03-28 01:24:26.956  WARN 67 --- [           main] o.s.c.n.a.ArchaiusAutoConfiguration      : No spring.application.name found, defaulting to 'application'
2018-03-28 01:24:26.998  WARN 67 --- [           main] c.n.c.sources.URLConfigurationSource     : No URLs will be polled as dynamic configuration sources.
2018-03-28 01:24:26.998  INFO 67 --- [           main] c.n.c.sources.URLConfigurationSource     : To enable URLs as dynamic configuration sources, define System property archaius.configurationSource.additionalUrls or make config.properties available on classpath.
2018-03-28 01:24:27.053  WARN 67 --- [           main] c.n.c.sources.URLConfigurationSource     : No URLs will be polled as dynamic configuration sources.
2018-03-28 01:24:27.053  INFO 67 --- [           main] c.n.c.sources.URLConfigurationSource     : To enable URLs as dynamic configuration sources, define System property archaius.configurationSource.additionalUrls or make config.properties available on classpath.
2018-03-28 01:24:30.796  INFO 67 --- [           main] s.w.s.m.m.a.RequestMappingHandlerAdapter : Looking for @ControllerAdvice: org.springframework.boot.context.embedded.AnnotationConfigEmbeddedWebApplicationContext@4f9a2c08: startup date [Wed Mar 28 01:23:53 GMT 2018]; parent: org.springframework.context.annotation.AnnotationConfigApplicationContext@41fbdac4
2018-03-28 01:24:31.951  INFO 67 --- [           main] s.w.s.m.m.a.RequestMappingHandlerMapping : Mapped "{[/error],produces=[text/html]}" onto public org.springframework.web.servlet.ModelAndView org.springframework.boot.autoconfigure.web.BasicErrorController.errorHtml(javax.servlet.http.HttpServletRequest,javax.servlet.http.HttpServletResponse)
2018-03-28 01:24:31.963  INFO 67 --- [           main] s.w.s.m.m.a.RequestMappingHandlerMapping : Mapped "{[/error]}" onto public org.springframework.http.ResponseEntity<java.util.Map<java.lang.String, java.lang.Object>> org.springframework.boot.autoconfigure.web.BasicErrorController.error(javax.servlet.http.HttpServletRequest)
2018-03-28 01:24:31.999  INFO 67 --- [           main] s.w.s.m.m.a.RequestMappingHandlerMapping : Mapped "{[/lastn],methods=[GET]}" onto public java.lang.String org.springframework.cloud.netflix.eureka.server.EurekaController.lastn(javax.servlet.http.HttpServletRequest,java.util.Map<java.lang.String, java.lang.Object>)
2018-03-28 01:24:32.012  INFO 67 --- [           main] s.w.s.m.m.a.RequestMappingHandlerMapping : Mapped "{[/],methods=[GET]}" onto public java.lang.String org.springframework.cloud.netflix.eureka.server.EurekaController.status(javax.servlet.http.HttpServletRequest,java.util.Map<java.lang.String, java.lang.Object>)
2018-03-28 01:24:32.422  INFO 67 --- [           main] o.s.w.s.handler.SimpleUrlHandlerMapping  : Mapped URL path [/webjars/**] onto handler of type [class org.springframework.web.servlet.resource.ResourceHttpRequestHandler]
2018-03-28 01:24:32.426  INFO 67 --- [           main] o.s.w.s.handler.SimpleUrlHandlerMapping  : Mapped URL path [/**] onto handler of type [class org.springframework.web.servlet.resource.ResourceHttpRequestHandler]
2018-03-28 01:24:33.125  INFO 67 --- [           main] o.s.w.s.handler.SimpleUrlHandlerMapping  : Mapped URL path [/**/favicon.ico] onto handler of type [class org.springframework.web.servlet.resource.ResourceHttpRequestHandler]
2018-03-28 01:24:40.720  INFO 67 --- [           main] o.s.b.a.e.mvc.EndpointHandlerMapping     : Mapped "{[/features || /features.json],methods=[GET],produces=[application/vnd.spring-boot.actuator.v1+json || application/json]}" onto public java.lang.Object org.springframework.boot.actuate.endpoint.mvc.EndpointMvcAdapter.invoke()
2018-03-28 01:24:40.739  INFO 67 --- [           main] o.s.b.a.e.mvc.EndpointHandlerMapping     : Mapped "{[/heapdump || /heapdump.json],methods=[GET],produces=[application/octet-stream]}" onto public void org.springframework.boot.actuate.endpoint.mvc.HeapdumpMvcEndpoint.invoke(boolean,javax.servlet.http.HttpServletRequest,javax.servlet.http.HttpServletResponse) throws java.io.IOException,javax.servlet.ServletException
2018-03-28 01:24:40.749  INFO 67 --- [           main] o.s.b.a.e.mvc.EndpointHandlerMapping     : Mapped "{[/info || /info.json],methods=[GET],produces=[application/vnd.spring-boot.actuator.v1+json || application/json]}" onto public java.lang.Object org.springframework.boot.actuate.endpoint.mvc.EndpointMvcAdapter.invoke()
2018-03-28 01:24:40.849  INFO 67 --- [           main] o.s.b.a.e.mvc.EndpointHandlerMapping     : Mapped "{[/loggers/{name:.*}],methods=[GET],produces=[application/vnd.spring-boot.actuator.v1+json || application/json]}" onto public java.lang.Object org.springframework.boot.actuate.endpoint.mvc.LoggersMvcEndpoint.get(java.lang.String)
2018-03-28 01:24:40.864  INFO 67 --- [           main] o.s.b.a.e.mvc.EndpointHandlerMapping     : Mapped "{[/loggers/{name:.*}],methods=[POST],consumes=[application/vnd.spring-boot.actuator.v1+json || application/json],produces=[application/vnd.spring-boot.actuator.v1+json || application/json]}" onto public java.lang.Object org.springframework.boot.actuate.endpoint.mvc.LoggersMvcEndpoint.set(java.lang.String,java.util.Map<java.lang.String, java.lang.String>)
2018-03-28 01:24:40.865  INFO 67 --- [           main] o.s.b.a.e.mvc.EndpointHandlerMapping     : Mapped "{[/loggers || /loggers.json],methods=[GET],produces=[application/vnd.spring-boot.actuator.v1+json || application/json]}" onto public java.lang.Object org.springframework.boot.actuate.endpoint.mvc.EndpointMvcAdapter.invoke()
2018-03-28 01:24:40.883  INFO 67 --- [           main] o.s.b.a.e.mvc.EndpointHandlerMapping     : Mapped "{[/dump || /dump.json],methods=[GET],produces=[application/vnd.spring-boot.actuator.v1+json || application/json]}" onto public java.lang.Object org.springframework.boot.actuate.endpoint.mvc.EndpointMvcAdapter.invoke()
2018-03-28 01:24:40.931  INFO 67 --- [           main] o.s.b.a.e.mvc.EndpointHandlerMapping     : Mapped "{[/archaius || /archaius.json],methods=[GET],produces=[application/vnd.spring-boot.actuator.v1+json || application/json]}" onto public java.lang.Object org.springframework.boot.actuate.endpoint.mvc.EndpointMvcAdapter.invoke()
2018-03-28 01:24:40.954  INFO 67 --- [           main] o.s.b.a.e.mvc.EndpointHandlerMapping     : Mapped "{[/autoconfig || /autoconfig.json],methods=[GET],produces=[application/vnd.spring-boot.actuator.v1+json || application/json]}" onto public java.lang.Object org.springframework.boot.actuate.endpoint.mvc.EndpointMvcAdapter.invoke()
2018-03-28 01:24:40.972  INFO 67 --- [           main] o.s.b.a.e.mvc.EndpointHandlerMapping     : Mapped "{[/health || /health.json],methods=[GET],produces=[application/vnd.spring-boot.actuator.v1+json || application/json]}" onto public java.lang.Object org.springframework.boot.actuate.endpoint.mvc.HealthMvcEndpoint.invoke(javax.servlet.http.HttpServletRequest,java.security.Principal)
2018-03-28 01:24:41.004  INFO 67 --- [           main] o.s.b.a.e.mvc.EndpointHandlerMapping     : Mapped "{[/metrics/{name:.*}],methods=[GET],produces=[application/vnd.spring-boot.actuator.v1+json || application/json]}" onto public java.lang.Object org.springframework.boot.actuate.endpoint.mvc.MetricsMvcEndpoint.value(java.lang.String)
2018-03-28 01:24:41.011  INFO 67 --- [           main] o.s.b.a.e.mvc.EndpointHandlerMapping     : Mapped "{[/metrics || /metrics.json],methods=[GET],produces=[application/vnd.spring-boot.actuator.v1+json || application/json]}" onto public java.lang.Object org.springframework.boot.actuate.endpoint.mvc.EndpointMvcAdapter.invoke()
2018-03-28 01:24:41.014  INFO 67 --- [           main] o.s.b.a.e.mvc.EndpointHandlerMapping     : Mapped "{[/service-registry/instance-status],methods=[GET]}" onto public org.springframework.http.ResponseEntity org.springframework.cloud.client.serviceregistry.endpoint.ServiceRegistryEndpoint.getStatus()
2018-03-28 01:24:41.020  INFO 67 --- [           main] o.s.b.a.e.mvc.EndpointHandlerMapping     : Mapped "{[/service-registry/instance-status],methods=[POST]}" onto public org.springframework.http.ResponseEntity<?> org.springframework.cloud.client.serviceregistry.endpoint.ServiceRegistryEndpoint.setStatus(java.lang.String)
2018-03-28 01:24:41.038  INFO 67 --- [           main] o.s.b.a.e.mvc.EndpointHandlerMapping     : Mapped "{[/configprops || /configprops.json],methods=[GET],produces=[application/vnd.spring-boot.actuator.v1+json || application/json]}" onto public java.lang.Object org.springframework.boot.actuate.endpoint.mvc.EndpointMvcAdapter.invoke()
2018-03-28 01:24:41.064  INFO 67 --- [           main] o.s.b.a.e.mvc.EndpointHandlerMapping     : Mapped "{[/beans || /beans.json],methods=[GET],produces=[application/vnd.spring-boot.actuator.v1+json || application/json]}" onto public java.lang.Object org.springframework.boot.actuate.endpoint.mvc.EndpointMvcAdapter.invoke()
2018-03-28 01:24:41.064  INFO 67 --- [           main] o.s.b.a.e.mvc.EndpointHandlerMapping     : Mapped "{[/mappings || /mappings.json],methods=[GET],produces=[application/vnd.spring-boot.actuator.v1+json || application/json]}" onto public java.lang.Object org.springframework.boot.actuate.endpoint.mvc.EndpointMvcAdapter.invoke()
2018-03-28 01:24:41.080  INFO 67 --- [           main] o.s.b.a.e.mvc.EndpointHandlerMapping     : Mapped "{[/env],methods=[POST]}" onto public java.lang.Object org.springframework.cloud.context.environment.EnvironmentManagerMvcEndpoint.value(java.util.Map<java.lang.String, java.lang.String>)
2018-03-28 01:24:41.081  INFO 67 --- [           main] o.s.b.a.e.mvc.EndpointHandlerMapping     : Mapped "{[/env/reset],methods=[POST]}" onto public java.util.Map<java.lang.String, java.lang.Object> org.springframework.cloud.context.environment.EnvironmentManagerMvcEndpoint.reset()
2018-03-28 01:24:41.097  INFO 67 --- [           main] o.s.b.a.e.mvc.EndpointHandlerMapping     : Mapped "{[/env/{name:.*}],methods=[GET],produces=[application/vnd.spring-boot.actuator.v1+json || application/json]}" onto public java.lang.Object org.springframework.boot.actuate.endpoint.mvc.EnvironmentMvcEndpoint.value(java.lang.String)
2018-03-28 01:24:41.098  INFO 67 --- [           main] o.s.b.a.e.mvc.EndpointHandlerMapping     : Mapped "{[/env || /env.json],methods=[GET],produces=[application/vnd.spring-boot.actuator.v1+json || application/json]}" onto public java.lang.Object org.springframework.boot.actuate.endpoint.mvc.EndpointMvcAdapter.invoke()
2018-03-28 01:24:41.108  INFO 67 --- [           main] o.s.b.a.e.mvc.EndpointHandlerMapping     : Mapped "{[/auditevents || /auditevents.json],methods=[GET],produces=[application/vnd.spring-boot.actuator.v1+json || application/json]}" onto public org.springframework.http.ResponseEntity<?> org.springframework.boot.actuate.endpoint.mvc.AuditEventsMvcEndpoint.findByPrincipalAndAfterAndType(java.lang.String,java.util.Date,java.lang.String)
2018-03-28 01:24:41.121  INFO 67 --- [           main] o.s.b.a.e.mvc.EndpointHandlerMapping     : Mapped "{[/refresh || /refresh.json],methods=[POST]}" onto public java.lang.Object org.springframework.cloud.endpoint.GenericPostableMvcEndpoint.invoke()
2018-03-28 01:24:41.133  INFO 67 --- [           main] o.s.b.a.e.mvc.EndpointHandlerMapping     : Mapped "{[/trace || /trace.json],methods=[GET],produces=[application/vnd.spring-boot.actuator.v1+json || application/json]}" onto public java.lang.Object org.springframework.boot.actuate.endpoint.mvc.EndpointMvcAdapter.invoke()
2018-03-28 01:24:43.132  INFO 67 --- [           main] o.s.ui.freemarker.SpringTemplateLoader   : SpringTemplateLoader for FreeMarker: using resource loader [org.springframework.boot.context.embedded.AnnotationConfigEmbeddedWebApplicationContext@4f9a2c08: startup date [Wed Mar 28 01:23:53 GMT 2018]; parent: org.springframework.context.annotation.AnnotationConfigApplicationContext@41fbdac4] and template loader path [classpath:/templates/]
2018-03-28 01:24:43.155  INFO 67 --- [           main] o.s.w.s.v.f.FreeMarkerConfigurer         : ClassTemplateLoader for Spring macros added to FreeMarker configuration
2018-03-28 01:24:45.075  INFO 67 --- [           main] o.s.c.n.eureka.InstanceInfoFactory       : Setting initial instance status as: STARTING
2018-03-28 01:24:45.743  INFO 67 --- [           main] com.netflix.discovery.DiscoveryClient    : Initializing Eureka in region us-east-1
2018-03-28 01:24:45.744  INFO 67 --- [           main] com.netflix.discovery.DiscoveryClient    : Client configured to neither register nor query for data.
2018-03-28 01:24:45.845  INFO 67 --- [           main] com.netflix.discovery.DiscoveryClient    : Discovery Client initialized at timestamp 1522200285842 with initial instances count: 0
2018-03-28 01:24:46.356  INFO 67 --- [           main] c.n.eureka.DefaultEurekaServerContext    : Initializing ...
2018-03-28 01:24:46.377  INFO 67 --- [           main] c.n.eureka.cluster.PeerEurekaNodes       : Adding new peer nodes [http://localhost:8761/eureka/]
2018-03-28 01:24:48.948  INFO 67 --- [           main] c.n.d.provider.DiscoveryJerseyProvider   : Using JSON encoding codec LegacyJacksonJson
2018-03-28 01:24:48.949  INFO 67 --- [           main] c.n.d.provider.DiscoveryJerseyProvider   : Using JSON decoding codec LegacyJacksonJson
2018-03-28 01:24:48.950  INFO 67 --- [           main] c.n.d.provider.DiscoveryJerseyProvider   : Using XML encoding codec XStreamXml
2018-03-28 01:24:48.950  INFO 67 --- [           main] c.n.d.provider.DiscoveryJerseyProvider   : Using XML decoding codec XStreamXml
2018-03-28 01:24:50.687  INFO 67 --- [           main] c.n.eureka.cluster.PeerEurekaNodes       : Replica node URL:  http://localhost:8761/eureka/
2018-03-28 01:24:50.819  INFO 67 --- [           main] c.n.e.registry.AbstractInstanceRegistry  : Finished initializing remote region registries. All known remote regions: []
2018-03-28 01:24:50.825  INFO 67 --- [           main] c.n.eureka.DefaultEurekaServerContext    : Initialized
2018-03-28 01:24:51.032  WARN 67 --- [           main] arterDeprecationWarningAutoConfiguration : spring-cloud-starter-eureka-server is deprecated as of Spring Cloud Netflix 1.4.0, please migrate to spring-cloud-starter-netflix-eureka-server
2018-03-28 01:24:51.467  INFO 67 --- [           main] o.s.j.e.a.AnnotationMBeanExporter        : Registering beans for JMX exposure on startup
2018-03-28 01:24:51.553  INFO 67 --- [           main] o.s.j.e.a.AnnotationMBeanExporter        : Bean with name 'environmentManager' has been autodetected for JMX exposure
2018-03-28 01:24:51.554  INFO 67 --- [           main] o.s.j.e.a.AnnotationMBeanExporter        : Bean with name 'configurationPropertiesRebinder' has been autodetected for JMX exposure
2018-03-28 01:24:51.555  INFO 67 --- [           main] o.s.j.e.a.AnnotationMBeanExporter        : Bean with name 'refreshEndpoint' has been autodetected for JMX exposure
2018-03-28 01:24:51.561  INFO 67 --- [           main] o.s.j.e.a.AnnotationMBeanExporter        : Bean with name 'serviceRegistryEndpoint' has been autodetected for JMX exposure
2018-03-28 01:24:51.570  INFO 67 --- [           main] o.s.j.e.a.AnnotationMBeanExporter        : Bean with name 'refreshScope' has been autodetected for JMX exposure
2018-03-28 01:24:51.591  INFO 67 --- [           main] o.s.j.e.a.AnnotationMBeanExporter        : Located managed bean 'environmentManager': registering with JMX server as MBean [org.springframework.cloud.context.environment:name=environmentManager,type=EnvironmentManager]
2018-03-28 01:24:51.701  INFO 67 --- [           main] o.s.j.e.a.AnnotationMBeanExporter        : Located managed bean 'serviceRegistryEndpoint': registering with JMX server as MBean [org.springframework.cloud.client.serviceregistry.endpoint:name=serviceRegistryEndpoint,type=ServiceRegistryEndpoint]
2018-03-28 01:24:51.757  INFO 67 --- [           main] o.s.j.e.a.AnnotationMBeanExporter        : Located managed bean 'refreshScope': registering with JMX server as MBean [org.springframework.cloud.context.scope.refresh:name=refreshScope,type=RefreshScope]
2018-03-28 01:24:51.891  INFO 67 --- [           main] o.s.j.e.a.AnnotationMBeanExporter        : Located managed bean 'configurationPropertiesRebinder': registering with JMX server as MBean [org.springframework.cloud.context.properties:name=configurationPropertiesRebinder,context=4f9a2c08,type=ConfigurationPropertiesRebinder]
2018-03-28 01:24:51.943  INFO 67 --- [           main] o.s.j.e.a.AnnotationMBeanExporter        : Located managed bean 'refreshEndpoint': registering with JMX server as MBean [org.springframework.cloud.endpoint:name=refreshEndpoint,type=RefreshEndpoint]
2018-03-28 01:24:53.291  INFO 67 --- [           main] o.s.c.support.DefaultLifecycleProcessor  : Starting beans in phase 0
2018-03-28 01:24:53.302  INFO 67 --- [           main] o.s.c.n.e.s.EurekaServiceRegistry        : Registering application unknown with eureka with status UP
2018-03-28 01:24:53.770  INFO 67 --- [      Thread-11] o.s.c.n.e.server.EurekaServerBootstrap   : Setting the eureka configuration..
2018-03-28 01:24:53.777  INFO 67 --- [      Thread-11] o.s.c.n.e.server.EurekaServerBootstrap   : Eureka data center value eureka.datacenter is not set, defaulting to default
2018-03-28 01:24:53.781  INFO 67 --- [      Thread-11] o.s.c.n.e.server.EurekaServerBootstrap   : Eureka environment value eureka.environment is not set, defaulting to test
2018-03-28 01:24:54.013  INFO 67 --- [      Thread-11] o.s.c.n.e.server.EurekaServerBootstrap   : isAws returned false
2018-03-28 01:24:54.016  INFO 67 --- [      Thread-11] o.s.c.n.e.server.EurekaServerBootstrap   : Initialized server context
2018-03-28 01:24:54.021  INFO 67 --- [      Thread-11] c.n.e.r.PeerAwareInstanceRegistryImpl    : Got 1 instances from neighboring DS node
2018-03-28 01:24:54.023  INFO 67 --- [      Thread-11] c.n.e.r.PeerAwareInstanceRegistryImpl    : Renew threshold is: 1
2018-03-28 01:24:54.027  INFO 67 --- [      Thread-11] c.n.e.r.PeerAwareInstanceRegistryImpl    : Changing status to UP
2018-03-28 01:24:54.145  INFO 67 --- [      Thread-11] e.s.EurekaServerInitializerConfiguration : Started Eureka Server
2018-03-28 01:24:54.787  INFO 67 --- [           main] s.b.c.e.t.TomcatEmbeddedServletContainer : Tomcat started on port(s): 8761 (http)
2018-03-28 01:24:54.794  INFO 67 --- [           main] .s.c.n.e.s.EurekaAutoServiceRegistration : Updating port to 8761
2018-03-28 01:24:54.825  INFO 67 --- [           main] c.e.e.EurekaServerApplication            : Started EurekaServerApplication in 75.11 seconds (JVM running for 77.903)
2018-03-28 01:25:01.628  INFO 67 --- [nio-8761-exec-1] o.a.c.c.C.[Tomcat].[localhost].[/]       : Initializing Spring FrameworkServlet 'dispatcherServlet'
2018-03-28 01:25:01.629  INFO 67 --- [nio-8761-exec-1] o.s.web.servlet.DispatcherServlet        : FrameworkServlet 'dispatcherServlet': initialization started
2018-03-28 01:25:01.804  INFO 67 --- [nio-8761-exec-1] o.s.web.servlet.DispatcherServlet        : FrameworkServlet 'dispatcherServlet': initialization completed in 175 ms
2018-03-28 01:25:05.250  INFO 67 --- [nio-8761-exec-2] c.n.e.registry.AbstractInstanceRegistry  : Registered instance API-GATEWAY/905f2a09d9af:api-gateway with status UP (replication=false)
2018-03-28 01:25:07.722  INFO 67 --- [nio-8761-exec-3] c.n.e.registry.AbstractInstanceRegistry  : Registered instance API-GATEWAY/905f2a09d9af:api-gateway with status UP (replication=true)
2018-03-28 01:25:08.827  INFO 67 --- [nio-8761-exec-5] c.n.e.registry.AbstractInstanceRegistry  : Registered instance LIBRARIES/7d5ff7b33e3e:libraries:8081 with status UP (replication=false)
2018-03-28 01:25:09.345  INFO 67 --- [nio-8761-exec-6] c.n.e.registry.AbstractInstanceRegistry  : Registered instance LIBRARIES/7d5ff7b33e3e:libraries:8081 with status UP (replication=true)
2018-03-28 01:25:54.051  INFO 67 --- [a-EvictionTimer] c.n.e.registry.AbstractInstanceRegistry  : Running the evict task with compensationTime 0ms
2018-03-28 01:26:54.051  INFO 67 --- [a-EvictionTimer] c.n.e.registry.AbstractInstanceRegistry  : Running the evict task with compensationTime 0ms
2018-03-28 01:27:54.052  INFO 67 --- [a-EvictionTimer] c.n.e.registry.AbstractInstanceRegistry  : Running the evict task with compensationTime 0ms
2018-03-28 01:28:54.053  INFO 67 --- [a-EvictionTimer] c.n.e.registry.AbstractInstanceRegistry  : Running the evict task with compensationTime 0ms
2018-03-28 01:29:54.055  INFO 67 --- [a-EvictionTimer] c.n.e.registry.AbstractInstanceRegistry  : Running the evict task with compensationTime 1ms
2018-03-28 01:30:54.055  INFO 67 --- [a-EvictionTimer] c.n.e.registry.AbstractInstanceRegistry  : Running the evict task with compensationTime 0ms
2018-03-28 01:31:54.055  INFO 67 --- [a-EvictionTimer] c.n.e.registry.AbstractInstanceRegistry  : Running the evict task with compensationTime 0ms
2018-03-28 01:32:54.055  INFO 67 --- [a-EvictionTimer] c.n.e.registry.AbstractInstanceRegistry  : Running the evict task with compensationTime 0ms
2018-03-28 01:33:54.057  INFO 67 --- [a-EvictionTimer] c.n.e.registry.AbstractInstanceRegistry  : Running the evict task with compensationTime 1ms
2018-03-28 01:34:54.058  INFO 67 --- [a-EvictionTimer] c.n.e.registry.AbstractInstanceRegistry  : Running the evict task with compensationTime 0ms
2018-03-28 01:35:54.059  INFO 67 --- [a-EvictionTimer] c.n.e.registry.AbstractInstanceRegistry  : Running the evict task with compensationTime 1ms
2018-03-28 01:36:54.060  INFO 67 --- [a-EvictionTimer] c.n.e.registry.AbstractInstanceRegistry  : Running the evict task with compensationTime 0ms
2018-03-28 01:37:54.061  INFO 67 --- [a-EvictionTimer] c.n.e.registry.AbstractInstanceRegistry  : Running the evict task with compensationTime 1ms
2018-03-28 01:38:54.062  INFO 67 --- [a-EvictionTimer] c.n.e.registry.AbstractInstanceRegistry  : Running the evict task with compensationTime 1ms
2018-03-28 01:39:50.821  INFO 67 --- [hresholdUpdater] c.n.e.r.PeerAwareInstanceRegistryImpl    : Current renewal threshold is : 5
2018-03-28 01:39:54.063  INFO 67 --- [a-EvictionTimer] c.n.e.registry.AbstractInstanceRegistry  : Running the evict task with compensationTime 1ms
2018-03-28 01:40:54.064  INFO 67 --- [a-EvictionTimer] c.n.e.registry.AbstractInstanceRegistry  : Running the evict task with compensationTime 0ms
2018-03-28 01:41:54.064  INFO 67 --- [a-EvictionTimer] c.n.e.registry.AbstractInstanceRegistry  : Running the evict task with compensationTime 0ms
2018-03-28 01:42:54.064  INFO 67 --- [a-EvictionTimer] c.n.e.registry.AbstractInstanceRegistry  : Running the evict task with compensationTime 0ms
2018-03-28 01:43:54.065  INFO 67 --- [a-EvictionTimer] c.n.e.registry.AbstractInstanceRegistry  : Running the evict task with compensationTime 0ms
2018-03-28 01:44:54.066  INFO 67 --- [a-EvictionTimer] c.n.e.registry.AbstractInstanceRegistry  : Running the evict task with compensationTime 1ms
2018-03-28 01:45:54.067  INFO 67 --- [a-EvictionTimer] c.n.e.registry.AbstractInstanceRegistry  : Running the evict task with compensationTime 0ms
2018-03-28 01:46:54.068  INFO 67 --- [a-EvictionTimer] c.n.e.registry.AbstractInstanceRegistry  : Running the evict task with compensationTime 1ms
2018-03-28 01:47:54.069  INFO 67 --- [a-EvictionTimer] c.n.e.registry.AbstractInstanceRegistry  : Running the evict task with compensationTime 1ms
2018-03-28 01:48:54.072  INFO 67 --- [a-EvictionTimer] c.n.e.registry.AbstractInstanceRegistry  : Running the evict task with compensationTime 2ms
2018-03-28 01:49:54.072  INFO 67 --- [a-EvictionTimer] c.n.e.registry.AbstractInstanceRegistry  : Running the evict task with compensationTime 0ms
2018-03-28 01:50:54.073  INFO 67 --- [a-EvictionTimer] c.n.e.registry.AbstractInstanceRegistry  : Running the evict task with compensationTime 1ms
2018-03-28 01:51:54.075  INFO 67 --- [a-EvictionTimer] c.n.e.registry.AbstractInstanceRegistry  : Running the evict task with compensationTime 2ms
2018-03-28 01:52:54.078  INFO 67 --- [a-EvictionTimer] c.n.e.registry.AbstractInstanceRegistry  : Running the evict task with compensationTime 2ms
2018-03-28 01:53:54.078  INFO 67 --- [a-EvictionTimer] c.n.e.registry.AbstractInstanceRegistry  : Running the evict task with compensationTime 0ms
2018-03-28 01:54:50.822  INFO 67 --- [hresholdUpdater] c.n.e.r.PeerAwareInstanceRegistryImpl    : Current renewal threshold is : 5
2018-03-28 01:54:54.079  INFO 67 --- [a-EvictionTimer] c.n.e.registry.AbstractInstanceRegistry  : Running the evict task with compensationTime 0ms
2018-03-28 01:55:54.080  INFO 67 --- [a-EvictionTimer] c.n.e.registry.AbstractInstanceRegistry  : Running the evict task with compensationTime 0ms
2018-03-28 01:56:54.080  INFO 67 --- [a-EvictionTimer] c.n.e.registry.AbstractInstanceRegistry  : Running the evict task with compensationTime 0ms
2018-03-28 01:57:54.081  INFO 67 --- [a-EvictionTimer] c.n.e.registry.AbstractInstanceRegistry  : Running the evict task with compensationTime 0ms
2018-03-28 01:58:54.083  INFO 67 --- [a-EvictionTimer] c.n.e.registry.AbstractInstanceRegistry  : Running the evict task with compensationTime 1ms
2018-03-28 01:59:54.084  INFO 67 --- [a-EvictionTimer] c.n.e.registry.AbstractInstanceRegistry  : Running the evict task with compensationTime 1ms
2018-03-28 02:00:54.085  INFO 67 --- [a-EvictionTimer] c.n.e.registry.AbstractInstanceRegistry  : Running the evict task with compensationTime 0ms
2018-03-28 02:01:54.086  INFO 67 --- [a-EvictionTimer] c.n.e.registry.AbstractInstanceRegistry  : Running the evict task with compensationTime 0ms
2018-03-28 02:02:54.087  INFO 67 --- [a-EvictionTimer] c.n.e.registry.AbstractInstanceRegistry  : Running the evict task with compensationTime 0ms
2018-03-28 02:03:54.088  INFO 67 --- [a-EvictionTimer] c.n.e.registry.AbstractInstanceRegistry  : Running the evict task with compensationTime 0ms
2018-03-28 02:04:54.089  INFO 67 --- [a-EvictionTimer] c.n.e.registry.AbstractInstanceRegistry  : Running the evict task with compensationTime 1ms
2018-03-28 02:05:54.089  INFO 67 --- [a-EvictionTimer] c.n.e.registry.AbstractInstanceRegistry  : Running the evict task with compensationTime 0ms
2018-03-28 02:06:54.090  INFO 67 --- [a-EvictionTimer] c.n.e.registry.AbstractInstanceRegistry  : Running the evict task with compensationTime 0ms
2018-03-28 02:07:54.091  INFO 67 --- [a-EvictionTimer] c.n.e.registry.AbstractInstanceRegistry  : Running the evict task with compensationTime 0ms
2018-03-28 02:08:54.093  INFO 67 --- [a-EvictionTimer] c.n.e.registry.AbstractInstanceRegistry  : Running the evict task with compensationTime 1ms
2018-03-28 02:09:50.825  INFO 67 --- [hresholdUpdater] c.n.e.r.PeerAwareInstanceRegistryImpl    : Current renewal threshold is : 5
2018-03-28 02:09:54.093  INFO 67 --- [a-EvictionTimer] c.n.e.registry.AbstractInstanceRegistry  : Running the evict task with compensationTime 0ms
2018-03-28 02:10:54.094  INFO 67 --- [a-EvictionTimer] c.n.e.registry.AbstractInstanceRegistry  : Running the evict task with compensationTime 1ms
2018-03-28 02:11:54.095  INFO 67 --- [a-EvictionTimer] c.n.e.registry.AbstractInstanceRegistry  : Running the evict task with compensationTime 0ms
2018-03-28 02:12:54.096  INFO 67 --- [a-EvictionTimer] c.n.e.registry.AbstractInstanceRegistry  : Running the evict task with compensationTime 0ms
2018-03-28 02:13:54.096  INFO 67 --- [a-EvictionTimer] c.n.e.registry.AbstractInstanceRegistry  : Running the evict task with compensationTime 0ms
2018-03-28 02:14:54.097  INFO 67 --- [a-EvictionTimer] c.n.e.registry.AbstractInstanceRegistry  : Running the evict task with compensationTime 0ms
2018-03-28 02:15:54.097  INFO 67 --- [a-EvictionTimer] c.n.e.registry.AbstractInstanceRegistry  : Running the evict task with compensationTime 0ms
2018-03-28 02:16:54.097  INFO 67 --- [a-EvictionTimer] c.n.e.registry.AbstractInstanceRegistry  : Running the evict task with compensationTime 0ms
2018-03-28 02:17:54.097  INFO 67 --- [a-EvictionTimer] c.n.e.registry.AbstractInstanceRegistry  : Running the evict task with compensationTime 0ms
2018-03-28 02:18:54.097  INFO 67 --- [a-EvictionTimer] c.n.e.registry.AbstractInstanceRegistry  : Running the evict task with compensationTime 0ms
2018-03-28 02:19:54.098  INFO 67 --- [a-EvictionTimer] c.n.e.registry.AbstractInstanceRegistry  : Running the evict task with compensationTime 0ms
2018-03-28 02:20:54.099  INFO 67 --- [a-EvictionTimer] c.n.e.registry.AbstractInstanceRegistry  : Running the evict task with compensationTime 0ms
2018-03-28 02:21:54.100  INFO 67 --- [a-EvictionTimer] c.n.e.registry.AbstractInstanceRegistry  : Running the evict task with compensationTime 0ms
2018-03-28 02:22:54.101  INFO 67 --- [a-EvictionTimer] c.n.e.registry.AbstractInstanceRegistry  : Running the evict task with compensationTime 1ms
2018-03-28 02:23:54.101  INFO 67 --- [a-EvictionTimer] c.n.e.registry.AbstractInstanceRegistry  : Running the evict task with compensationTime 0ms
2018-03-28 02:24:50.825  INFO 67 --- [hresholdUpdater] c.n.e.r.PeerAwareInstanceRegistryImpl    : Current renewal threshold is : 5
2018-03-28 02:24:54.102  INFO 67 --- [a-EvictionTimer] c.n.e.registry.AbstractInstanceRegistry  : Running the evict task with compensationTime 1ms
2018-03-28 02:25:54.103  INFO 67 --- [a-EvictionTimer] c.n.e.registry.AbstractInstanceRegistry  : Running the evict task with compensationTime 0ms
2018-03-28 02:26:54.104  INFO 67 --- [a-EvictionTimer] c.n.e.registry.AbstractInstanceRegistry  : Running the evict task with compensationTime 0ms
2018-03-28 02:27:54.105  INFO 67 --- [a-EvictionTimer] c.n.e.registry.AbstractInstanceRegistry  : Running the evict task with compensationTime 0ms
2018-03-28 02:28:54.105  INFO 67 --- [a-EvictionTimer] c.n.e.registry.AbstractInstanceRegistry  : Running the evict task with compensationTime 0ms
2018-03-28 02:29:54.105  INFO 67 --- [a-EvictionTimer] c.n.e.registry.AbstractInstanceRegistry  : Running the evict task with compensationTime 0ms
2018-03-28 02:30:54.107  INFO 67 --- [a-EvictionTimer] c.n.e.registry.AbstractInstanceRegistry  : Running the evict task with compensationTime 1ms
2018-03-28 02:31:54.108  INFO 67 --- [a-EvictionTimer] c.n.e.registry.AbstractInstanceRegistry  : Running the evict task with compensationTime 0ms
2018-03-28 02:32:54.109  INFO 67 --- [a-EvictionTimer] c.n.e.registry.AbstractInstanceRegistry  : Running the evict task with compensationTime 1ms
2018-03-28 02:33:54.111  INFO 67 --- [a-EvictionTimer] c.n.e.registry.AbstractInstanceRegistry  : Running the evict task with compensationTime 1ms
2018-03-28 02:34:54.112  INFO 67 --- [a-EvictionTimer] c.n.e.registry.AbstractInstanceRegistry  : Running the evict task with compensationTime 0ms
2018-03-28 02:35:54.113  INFO 67 --- [a-EvictionTimer] c.n.e.registry.AbstractInstanceRegistry  : Running the evict task with compensationTime 1ms
2018-03-28 02:36:54.113  INFO 67 --- [a-EvictionTimer] c.n.e.registry.AbstractInstanceRegistry  : Running the evict task with compensationTime 0ms
2018-03-28 02:37:54.113  INFO 67 --- [a-EvictionTimer] c.n.e.registry.AbstractInstanceRegistry  : Running the evict task with compensationTime 0ms
2018-03-28 02:38:54.114  INFO 67 --- [a-EvictionTimer] c.n.e.registry.AbstractInstanceRegistry  : Running the evict task with compensationTime 1ms
2018-03-28 02:39:50.826  INFO 67 --- [hresholdUpdater] c.n.e.r.PeerAwareInstanceRegistryImpl    : Current renewal threshold is : 5
2018-03-28 02:39:54.114  INFO 67 --- [a-EvictionTimer] c.n.e.registry.AbstractInstanceRegistry  : Running the evict task with compensationTime 0ms
2018-03-28 02:40:54.116  INFO 67 --- [a-EvictionTimer] c.n.e.registry.AbstractInstanceRegistry  : Running the evict task with compensationTime 1ms
2018-03-28 02:41:54.117  INFO 67 --- [a-EvictionTimer] c.n.e.registry.AbstractInstanceRegistry  : Running the evict task with compensationTime 1ms
2018-03-28 02:42:54.121  INFO 67 --- [a-EvictionTimer] c.n.e.registry.AbstractInstanceRegistry  : Running the evict task with compensationTime 3ms
2018-03-28 02:43:54.123  INFO 67 --- [a-EvictionTimer] c.n.e.registry.AbstractInstanceRegistry  : Running the evict task with compensationTime 1ms
2018-03-28 02:44:54.124  INFO 67 --- [a-EvictionTimer] c.n.e.registry.AbstractInstanceRegistry  : Running the evict task with compensationTime 1ms
2018-03-28 02:45:54.125  INFO 67 --- [a-EvictionTimer] c.n.e.registry.AbstractInstanceRegistry  : Running the evict task with compensationTime 0ms
2018-03-28 02:46:54.125  INFO 67 --- [a-EvictionTimer] c.n.e.registry.AbstractInstanceRegistry  : Running the evict task with compensationTime 0ms
2018-03-28 02:47:54.127  INFO 67 --- [a-EvictionTimer] c.n.e.registry.AbstractInstanceRegistry  : Running the evict task with compensationTime 1ms
2018-03-28 02:48:54.129  INFO 67 --- [a-EvictionTimer] c.n.e.registry.AbstractInstanceRegistry  : Running the evict task with compensationTime 2ms
